<?xml version="1.0" encoding="UTF-8"?>
<testsuites name="jest tests" tests="11" failures="1" time="6.92">
  <testsuite name="Spotify Pocket" errors="0" failures="1" skipped="0" timestamp="2020-06-08T00:54:34" time="5.646" tests="11">
    <testcase classname="Spotify Pocket Components data-testid match should should render properly the &lt;Loading&gt; component" name="Spotify Pocket Components data-testid match should should render properly the &lt;Loading&gt; component" time="0.03">
    </testcase>
    <testcase classname="Spotify Pocket Components data-testid match should should render properly the &lt;Logo&gt; component" name="Spotify Pocket Components data-testid match should should render properly the &lt;Logo&gt; component" time="0.01">
    </testcase>
    <testcase classname="Spotify Pocket Components data-testid match should should render properly the &lt;RouteHeader&gt; component" name="Spotify Pocket Components data-testid match should should render properly the &lt;RouteHeader&gt; component" time="0.01">
    </testcase>
    <testcase classname="Spotify Pocket Components data-testid match should should render properly the &lt;WelcomeBox&gt; component" name="Spotify Pocket Components data-testid match should should render properly the &lt;WelcomeBox&gt; component" time="0.003">
    </testcase>
    <testcase classname="Spotify Pocket Containers data-testid match should should render properly the &lt;App&gt; container" name="Spotify Pocket Containers data-testid match should should render properly the &lt;App&gt; container" time="0.004">
    </testcase>
    <testcase classname="Spotify Pocket Containers data-testid match should should render properly the &lt;Authorize&gt; container" name="Spotify Pocket Containers data-testid match should should render properly the &lt;Authorize&gt; container" time="0.024">
      <failure>Error: Could not find &quot;store&quot; in the context of &quot;Connect(Authorize)&quot;. Either wrap the root component in a &lt;Provider&gt;, or pass a custom React context provider to &lt;Provider&gt; and the corresponding React context consumer to Connect(Authorize) in connect options.
    at ConnectFunction (C:\Users\aluno\Codenation\react-17\node_modules\react-redux\lib\components\connectAdvanced.js:259:15)
    at renderWithHooks (C:\Users\aluno\Codenation\react-17\node_modules\react-dom\cjs\react-dom.development.js:14803:18)
    at updateFunctionComponent (C:\Users\aluno\Codenation\react-17\node_modules\react-dom\cjs\react-dom.development.js:17034:20)
    at updateSimpleMemoComponent (C:\Users\aluno\Codenation\react-17\node_modules\react-dom\cjs\react-dom.development.js:16972:10)
    at updateMemoComponent (C:\Users\aluno\Codenation\react-17\node_modules\react-dom\cjs\react-dom.development.js:16861:14)
    at beginWork (C:\Users\aluno\Codenation\react-17\node_modules\react-dom\cjs\react-dom.development.js:18682:16)
    at HTMLUnknownElement.callCallback (C:\Users\aluno\Codenation\react-17\node_modules\react-dom\cjs\react-dom.development.js:188:14)
    at invokeEventListeners (C:\Users\aluno\Codenation\react-17\node_modules\jest-environment-jsdom\node_modules\jsdom\lib\jsdom\living\events\EventTarget-impl.js:193:27)
    at HTMLUnknownElementImpl._dispatch (C:\Users\aluno\Codenation\react-17\node_modules\jest-environment-jsdom\node_modules\jsdom\lib\jsdom\living\events\EventTarget-impl.js:119:9)
    at HTMLUnknownElementImpl.dispatchEvent (C:\Users\aluno\Codenation\react-17\node_modules\jest-environment-jsdom\node_modules\jsdom\lib\jsdom\living\events\EventTarget-impl.js:82:17)
    at HTMLUnknownElementImpl.dispatchEvent (C:\Users\aluno\Codenation\react-17\node_modules\jest-environment-jsdom\node_modules\jsdom\lib\jsdom\living\nodes\HTMLElement-impl.js:30:27)
    at HTMLUnknownElement.dispatchEvent (C:\Users\aluno\Codenation\react-17\node_modules\jest-environment-jsdom\node_modules\jsdom\lib\jsdom\living\generated\EventTarget.js:157:21)
    at Object.invokeGuardedCallbackDev (C:\Users\aluno\Codenation\react-17\node_modules\react-dom\cjs\react-dom.development.js:237:16)
    at invokeGuardedCallback (C:\Users\aluno\Codenation\react-17\node_modules\react-dom\cjs\react-dom.development.js:292:31)
    at beginWork$1 (C:\Users\aluno\Codenation\react-17\node_modules\react-dom\cjs\react-dom.development.js:23203:7)
    at performUnitOfWork (C:\Users\aluno\Codenation\react-17\node_modules\react-dom\cjs\react-dom.development.js:22157:12)
    at workLoopSync (C:\Users\aluno\Codenation\react-17\node_modules\react-dom\cjs\react-dom.development.js:22130:22)
    at performSyncWorkOnRoot (C:\Users\aluno\Codenation\react-17\node_modules\react-dom\cjs\react-dom.development.js:21756:9)
    at scheduleUpdateOnFiber (C:\Users\aluno\Codenation\react-17\node_modules\react-dom\cjs\react-dom.development.js:21188:7)
    at updateContainer (C:\Users\aluno\Codenation\react-17\node_modules\react-dom\cjs\react-dom.development.js:24373:3)
    at C:\Users\aluno\Codenation\react-17\node_modules\react-dom\cjs\react-dom.development.js:24758:7
    at unbatchedUpdates (C:\Users\aluno\Codenation\react-17\node_modules\react-dom\cjs\react-dom.development.js:21903:12)
    at legacyRenderSubtreeIntoContainer (C:\Users\aluno\Codenation\react-17\node_modules\react-dom\cjs\react-dom.development.js:24757:5)
    at Object.render (C:\Users\aluno\Codenation\react-17\node_modules\react-dom\cjs\react-dom.development.js:24840:10)
    at C:\Users\aluno\Codenation\react-17\node_modules\@testing-library\react\dist\pure.js:86:25
    at batchedUpdates$1 (C:\Users\aluno\Codenation\react-17\node_modules\react-dom\cjs\react-dom.development.js:21856:12)
    at act (C:\Users\aluno\Codenation\react-17\node_modules\react-dom\cjs\react-dom-test-utils.development.js:929:14)
    at render (C:\Users\aluno\Codenation\react-17\node_modules\@testing-library\react\dist\pure.js:82:26)
    at Object.&lt;anonymous&gt; (C:\Users\aluno\Codenation\react-17\src\__tests__\validation.spec.js:84:31)
    at Object.asyncJestTest (C:\Users\aluno\Codenation\react-17\node_modules\jest-jasmine2\build\jasmineAsyncInstall.js:102:37)
    at C:\Users\aluno\Codenation\react-17\node_modules\jest-jasmine2\build\queueRunner.js:43:12
    at new Promise (&lt;anonymous&gt;)
    at mapper (C:\Users\aluno\Codenation\react-17\node_modules\jest-jasmine2\build\queueRunner.js:26:19)
    at C:\Users\aluno\Codenation\react-17\node_modules\jest-jasmine2\build\queueRunner.js:73:41</failure>
    </testcase>
    <testcase classname="Spotify Pocket Containers data-testid match should should render properly the &lt;Categories&gt; container" name="Spotify Pocket Containers data-testid match should should render properly the &lt;Categories&gt; container" time="0.033">
    </testcase>
    <testcase classname="Spotify Pocket Containers data-testid match should should render properly the &lt;CategoryItem&gt; container" name="Spotify Pocket Containers data-testid match should should render properly the &lt;CategoryItem&gt; container" time="0.004">
    </testcase>
    <testcase classname="Spotify Pocket Containers data-testid match should should render properly the &lt;Login&gt; container" name="Spotify Pocket Containers data-testid match should should render properly the &lt;Login&gt; container" time="0.004">
    </testcase>
    <testcase classname="Spotify Pocket Containers data-testid match should should render properly the &lt;PlaylistItem&gt; container" name="Spotify Pocket Containers data-testid match should should render properly the &lt;PlaylistItem&gt; container" time="0.004">
    </testcase>
    <testcase classname="Spotify Pocket Containers data-testid match should should render properly the &lt;Playlists&gt; container" name="Spotify Pocket Containers data-testid match should should render properly the &lt;Playlists&gt; container" time="0.005">
    </testcase>
  </testsuite>
</testsuites>